# configure exec: ./configure --prefix=/home/saad/Desktop/Time_Pass/backend_assessment/backend/social2/node_modules/node-rdkafka/build/deps --libdir=/home/saad/Desktop/Time_Pass/backend_assessment/backend/social2/node_modules/node-rdkafka/build/deps --prefix=/home/saad/Desktop/Time_Pass/backend_assessment/backend/social2/node_modules/node-rdkafka/build/deps --libdir=/home/saad/Desktop/Time_Pass/backend_assessment/backend/social2/node_modules/node-rdkafka/build/deps
# On و 14:44:24 PKT ت 09 مئی 2023
DBG 78377: Setting distro (distro) status to ok (action ignore)
DBG 78377: ccenv: WITH_CC:  --version failed: mklove/modules/configure.base: line 1824: --version: command not found
DBG 78377: Setting ccenv (ccenv) status to failed (action cont)
DBG 78377: Check ccenv (WITH_CC, action cont (originally cont)) failed: command ' --version' failed:
mklove/modules/configure.base: line 1824: --version: command not found
DBG 78377: Setting gcc (gcc) status to ok (action cont)
DBG 78377: cxxenv: WITH_CXX:  --version failed: mklove/modules/configure.base: line 1824: --version: command not found
DBG 78377: Setting cxxenv (cxxenv) status to failed (action cont)
DBG 78377: Check cxxenv (WITH_CXX, action cont (originally cont)) failed: command ' --version' failed:
mklove/modules/configure.base: line 1824: --version: command not found
DBG 78377: Setting gxx (gxx) status to ok (action cont)
DBG 78377: Setting ld (ld) status to ok (action disable)
DBG 78377: Setting nm (nm) status to ok (action disable)
DBG 78377: Setting objdump (objdump) status to ok (action disable)
DBG 78377: Setting strip (strip) status to ok (action disable)
DBG 78377: libtool: : libtool is not executable: 
DBG 78377: Setting libtool (libtool) status to failed (action disable)
DBG 78377: Check libtool (, action disable (originally disable)) failed: libtool is not executable
DBG 78377: Setting ranlib (ranlib) status to ok (action disable)
DBG 78377: pkgconfig: WITH_PKGCONFIG: pkg-config --version failed: mklove/modules/configure.base: line 1824: pkg-config: command not found
DBG 78377: Setting pkgconfig (pkgconfig) status to failed (action cont)
DBG 78377: Check pkgconfig (WITH_PKGCONFIG, action cont (originally cont)) failed: command 'pkg-config --version' failed:
mklove/modules/configure.base: line 1824: pkg-config: command not found
DBG 78377: Setting install (install) status to ok (action cont)
DBG 78377: Setting gnuar (gnuar) status to ok (action disable)
DBG 78377: Compile check PIC (HAVE_PIC) (sub=0): gcc  -g -O2 -Wall -Werror _mkltmpXgmS1v.c -o _mkltmpXgmS1v.c.o  -L/home/saad/Desktop/Time_Pass/backend_assessment/backend/social2/node_modules/node-rdkafka/build/deps -fPIC 
DBG 78377: Setting PIC (PIC) status to ok (action disable)
DBG 78377: Compile check gnulib (WITH_GNULD) (sub=0): gcc  -g -O2 -fPIC -Wall -Werror _mkltmpi9sQut.c -o _mkltmpi9sQut.c.o  -L/home/saad/Desktop/Time_Pass/backend_assessment/backend/social2/node_modules/node-rdkafka/build/deps -shared -Wl,-soname,mkltest.0 
DBG 78377: Setting gnulib (gnulib) status to ok (action cont)
DBG 78377: Compile check ldsflagvs () (sub=0): gcc  -g -O2 -fPIC -Wall -Werror _mkltmpNEoYgX.c -o _mkltmpNEoYgX.c.o  -L/home/saad/Desktop/Time_Pass/backend_assessment/backend/social2/node_modules/node-rdkafka/build/deps -shared -Wl,--version-script=_mkltmpLoIv6z 
DBG 78377: Setting ldsflagvs (ldsflagvs) status to ok (action cont)
DBG 78377: Compile check __atomic_32 (HAVE_ATOMICS_32) (sub=0): gcc  -g -O2 -fPIC -Wall -Werror _mkltmpXa0Vso.c -o _mkltmpXa0Vso.c.o  -L/home/saad/Desktop/Time_Pass/backend_assessment/backend/social2/node_modules/node-rdkafka/build/deps  
DBG 78377: Setting __atomic_32 (__atomic_32) status to ok (action cont)
DBG 78377: Compile check __atomic_64 (HAVE_ATOMICS_64) (sub=0): gcc  -g -O2 -fPIC -Wall -Werror _mkltmpM9eaIV.c -o _mkltmpM9eaIV.c.o  -L/home/saad/Desktop/Time_Pass/backend_assessment/backend/social2/node_modules/node-rdkafka/build/deps  
DBG 78377: Setting __atomic_64 (__atomic_64) status to ok (action cont)
DBG 78377: Compile check socket () (sub=0): gcc  -g -O2 -fPIC -Wall -Wsign-compare -Wfloat-equal -Wpointer-arith -Wcast-align -Wall -Werror _mkltmpuVIVFZ.c -o _mkltmpuVIVFZ.c.o  -L/home/saad/Desktop/Time_Pass/backend_assessment/backend/social2/node_modules/node-rdkafka/build/deps  
DBG 78377: Setting socket (socket) status to ok (action cont)
DBG 78377: Setting parseversion (parseversion) status to ok (action cont)
DBG 78377: librt: Check for static library (libs -lrt, arfile variable STATIC_LIB_librt=, static filenames )
DBG 78377: Compile check librt () (sub=0): gcc  -g -O2 -fPIC -Wall -Wsign-compare -Wfloat-equal -Wpointer-arith -Wcast-align -Wall -Werror _mkltmpmsRIu5.c -o _mkltmpmsRIu5.c.o  -L/home/saad/Desktop/Time_Pass/backend_assessment/backend/social2/node_modules/node-rdkafka/build/deps -lrt 
DBG 78377: Setting librt (librt) status to ok (action cont)
DBG 78377: librt: from lib_check: LIBS: prepend -lrt
DBG 78377: libpthread: Check for static library (libs -lpthread, arfile variable STATIC_LIB_libpthread=, static filenames )
DBG 78377: Compile check libpthread () (sub=0): gcc  -g -O2 -fPIC -Wall -Wsign-compare -Wfloat-equal -Wpointer-arith -Wcast-align -Wall -Werror _mkltmpHhgAJe.c -o _mkltmpHhgAJe.c.o  -L/home/saad/Desktop/Time_Pass/backend_assessment/backend/social2/node_modules/node-rdkafka/build/deps -lpthread -lrt
DBG 78377: Setting libpthread (libpthread) status to ok (action fail)
DBG 78377: libpthread: from lib_check: LIBS: prepend -lpthread
DBG 78377: c11threads: Check for static library (libs -lpthread -lrt, arfile variable STATIC_LIB_c11threads=, static filenames )
DBG 78377: Compile check c11threads (WITH_C11THREADS) (sub=0): gcc  -g -O2 -fPIC -Wall -Wsign-compare -Wfloat-equal -Wpointer-arith -Wcast-align -Wall -Werror _mkltmpcX7NTJ.c -o _mkltmpcX7NTJ.c.o  -L/home/saad/Desktop/Time_Pass/backend_assessment/backend/social2/node_modules/node-rdkafka/build/deps -lpthread -lrt -lpthread -lrt
DBG 78377: Setting c11threads (c11threads) status to ok (action disable)
DBG 78377: c11threads: from lib_check: LIBS: prepend -lpthread -lrt
DBG 78377: libdl: Check for static library (libs -ldl, arfile variable STATIC_LIB_libdl=, static filenames )
DBG 78377: Compile check libdl (WITH_LIBDL) (sub=0): gcc  -g -O2 -fPIC -Wall -Wsign-compare -Wfloat-equal -Wpointer-arith -Wcast-align -Wall -Werror _mkltmpwHwxtP.c -o _mkltmpwHwxtP.c.o  -L/home/saad/Desktop/Time_Pass/backend_assessment/backend/social2/node_modules/node-rdkafka/build/deps -ldl -lpthread -lrt -lpthread -lrt
DBG 78377: Setting libdl (libdl) status to ok (action disable)
DBG 78377: libdl: from lib_check: LIBS: prepend -ldl
DBG 78377: zlib: Check for static library (libs -lz, arfile variable STATIC_LIB_zlib=, static filenames libz.a)
DBG 78377: Compile check zlib (WITH_ZLIB) (sub=0): gcc  -g -O2 -fPIC -Wall -Wsign-compare -Wfloat-equal -Wpointer-arith -Wcast-align -Wall -Werror _mkltmpEoOuTz.c -o _mkltmpEoOuTz.c.o  -L/home/saad/Desktop/Time_Pass/backend_assessment/backend/social2/node_modules/node-rdkafka/build/deps -lz -ldl -lpthread -lrt -lpthread -lrt
DBG 78377: compile check for zlib (WITH_ZLIB) failed: gcc  -g -O2 -fPIC -Wall -Wsign-compare -Wfloat-equal -Wpointer-arith -Wcast-align -Wall -Werror _mkltmpEoOuTz.c -o _mkltmpEoOuTz.c.o  -L/home/saad/Desktop/Time_Pass/backend_assessment/backend/social2/node_modules/node-rdkafka/build/deps -lz -ldl -lpthread -lrt -lpthread -lrt: _mkltmpEoOuTz.c:3:10: fatal error: zlib.h: No such file or directory
    3 | #include <zlib.h>
      |          ^~~~~~~~
compilation terminated.
DBG 78377: Setting zlib (zlib) status to failed (action disable)
DBG 78377: Check zlib (WITH_ZLIB, action disable (originally disable)) failed: compile check failed:
CC: CC
flags: -lz
gcc  -g -O2 -fPIC -Wall -Wsign-compare -Wfloat-equal -Wpointer-arith -Wcast-align -Wall -Werror _mkltmpEoOuTz.c -o _mkltmpEoOuTz.c.o  -L/home/saad/Desktop/Time_Pass/backend_assessment/backend/social2/node_modules/node-rdkafka/build/deps -lz -ldl -lpthread -lrt -lpthread -lrt:
_mkltmpEoOuTz.c:3:10: fatal error: zlib.h: No such file or directory
    3 | #include <zlib.h>
      |          ^~~~~~~~
compilation terminated.
source: 
#include <stddef.h>
#include <zlib.h>

void foo (void) {
     z_stream *p = NULL;
     inflate(p, 0);
}

DBG 78377: libcrypto: Check for static library (libs -lcrypto, arfile variable STATIC_LIB_libcrypto=, static filenames libcrypto.a)
DBG 78377: Compile check libcrypto () (sub=0): gcc  -g -O2 -fPIC -Wall -Wsign-compare -Wfloat-equal -Wpointer-arith -Wcast-align -Wall -Werror _mkltmpT5Nd6s.c -o _mkltmpT5Nd6s.c.o  -L/home/saad/Desktop/Time_Pass/backend_assessment/backend/social2/node_modules/node-rdkafka/build/deps -lcrypto -ldl -lpthread -lrt -lpthread -lrt
DBG 78377: Setting libcrypto (libcrypto) status to ok (action disable)
DBG 78377: libcrypto: from lib_check: LIBS: prepend -lcrypto
DBG 78377: libssl: Check for static library (libs -lssl -lcrypto, arfile variable STATIC_LIB_libssl=, static filenames libssl.a)
DBG 78377: Compile check libssl (WITH_SSL) (sub=0): gcc  -g -O2 -fPIC -Wall -Wsign-compare -Wfloat-equal -Wpointer-arith -Wcast-align -Wall -Werror _mkltmpPLOnkP.c -o _mkltmpPLOnkP.c.o  -L/home/saad/Desktop/Time_Pass/backend_assessment/backend/social2/node_modules/node-rdkafka/build/deps -lssl -lcrypto -lcrypto -ldl -lpthread -lrt -lpthread -lrt
DBG 78377: Setting libssl (libssl) status to ok (action disable)
DBG 78377: libssl: from lib_check: LIBS: prepend -lssl -lcrypto
DBG 78377: Compile check libcrypto () (sub=1): gcc  -g -O2 -fPIC -Wall -Wsign-compare -Wfloat-equal -Wpointer-arith -Wcast-align -Wall -Werror _mkltmpt7iGVF.c -o _mkltmpt7iGVF.c.o  -L/home/saad/Desktop/Time_Pass/backend_assessment/backend/social2/node_modules/node-rdkafka/build/deps -lcrypto -lssl -lcrypto -lcrypto -ldl -lpthread -lrt -lpthread -lrt
DBG 78377: compile check for libcrypto () failed: gcc  -g -O2 -fPIC -Wall -Wsign-compare -Wfloat-equal -Wpointer-arith -Wcast-align -Wall -Werror _mkltmpt7iGVF.c -o _mkltmpt7iGVF.c.o  -L/home/saad/Desktop/Time_Pass/backend_assessment/backend/social2/node_modules/node-rdkafka/build/deps -lcrypto -lssl -lcrypto -lcrypto -ldl -lpthread -lrt -lpthread -lrt: _mkltmpt7iGVF.c:4:2: error: #error "OpenSSL version >= v3.0.0 needs OPENSSL_SUPPRESS_DEPRECATED"
    4 | #error "OpenSSL version >= v3.0.0 needs OPENSSL_SUPPRESS_DEPRECATED"
      |  ^~~~~
DBG 78377: libsasl2: Check for static library (libs -lsasl2, arfile variable STATIC_LIB_libsasl2=, static filenames )
DBG 78377: Compile check libsasl2 (WITH_SASL_CYRUS) (sub=0): gcc  -g -O2 -fPIC -Wall -Wsign-compare -Wfloat-equal -Wpointer-arith -Wcast-align -Wall -Werror _mkltmpIXRvAb.c -o _mkltmpIXRvAb.c.o  -L/home/saad/Desktop/Time_Pass/backend_assessment/backend/social2/node_modules/node-rdkafka/build/deps -lsasl2 -lssl -lcrypto -lcrypto -ldl -lpthread -lrt -lpthread -lrt
DBG 78377: compile check for libsasl2 (WITH_SASL_CYRUS) failed: gcc  -g -O2 -fPIC -Wall -Wsign-compare -Wfloat-equal -Wpointer-arith -Wcast-align -Wall -Werror _mkltmpIXRvAb.c -o _mkltmpIXRvAb.c.o  -L/home/saad/Desktop/Time_Pass/backend_assessment/backend/social2/node_modules/node-rdkafka/build/deps -lsasl2 -lssl -lcrypto -lcrypto -ldl -lpthread -lrt -lpthread -lrt: _mkltmpIXRvAb.c:3:10: fatal error: sasl/sasl.h: No such file or directory
    3 | #include <sasl/sasl.h>
      |          ^~~~~~~~~~~~~
compilation terminated.
DBG 78377: Setting libsasl2 (libsasl2) status to failed (action disable)
DBG 78377: Check libsasl2 (WITH_SASL_CYRUS, action disable (originally disable)) failed: compile check failed:
CC: CC
flags: -lsasl2
gcc  -g -O2 -fPIC -Wall -Wsign-compare -Wfloat-equal -Wpointer-arith -Wcast-align -Wall -Werror _mkltmpIXRvAb.c -o _mkltmpIXRvAb.c.o  -L/home/saad/Desktop/Time_Pass/backend_assessment/backend/social2/node_modules/node-rdkafka/build/deps -lsasl2 -lssl -lcrypto -lcrypto -ldl -lpthread -lrt -lpthread -lrt:
_mkltmpIXRvAb.c:3:10: fatal error: sasl/sasl.h: No such file or directory
    3 | #include <sasl/sasl.h>
      |          ^~~~~~~~~~~~~
compilation terminated.
source: 
#include <stddef.h>
#include <sasl/sasl.h>

DBG 78377: libsasl: Check for static library (libs -lsasl, arfile variable STATIC_LIB_libsasl=, static filenames )
DBG 78377: Compile check libsasl (WITH_SASL_CYRUS) (sub=0): gcc  -g -O2 -fPIC -Wall -Wsign-compare -Wfloat-equal -Wpointer-arith -Wcast-align -Wall -Werror _mkltmpcVzmOJ.c -o _mkltmpcVzmOJ.c.o  -L/home/saad/Desktop/Time_Pass/backend_assessment/backend/social2/node_modules/node-rdkafka/build/deps -lsasl -lssl -lcrypto -lcrypto -ldl -lpthread -lrt -lpthread -lrt
DBG 78377: compile check for libsasl (WITH_SASL_CYRUS) failed: gcc  -g -O2 -fPIC -Wall -Wsign-compare -Wfloat-equal -Wpointer-arith -Wcast-align -Wall -Werror _mkltmpcVzmOJ.c -o _mkltmpcVzmOJ.c.o  -L/home/saad/Desktop/Time_Pass/backend_assessment/backend/social2/node_modules/node-rdkafka/build/deps -lsasl -lssl -lcrypto -lcrypto -ldl -lpthread -lrt -lpthread -lrt: _mkltmpcVzmOJ.c:3:10: fatal error: sasl/sasl.h: No such file or directory
    3 | #include <sasl/sasl.h>
      |          ^~~~~~~~~~~~~
compilation terminated.
DBG 78377: Setting libsasl (libsasl) status to failed (action disable)
DBG 78377: Check libsasl (WITH_SASL_CYRUS, action disable (originally disable)) failed: compile check failed:
CC: CC
flags: -lsasl
gcc  -g -O2 -fPIC -Wall -Wsign-compare -Wfloat-equal -Wpointer-arith -Wcast-align -Wall -Werror _mkltmpcVzmOJ.c -o _mkltmpcVzmOJ.c.o  -L/home/saad/Desktop/Time_Pass/backend_assessment/backend/social2/node_modules/node-rdkafka/build/deps -lsasl -lssl -lcrypto -lcrypto -ldl -lpthread -lrt -lpthread -lrt:
_mkltmpcVzmOJ.c:3:10: fatal error: sasl/sasl.h: No such file or directory
    3 | #include <sasl/sasl.h>
      |          ^~~~~~~~~~~~~
compilation terminated.
source: 
#include <stddef.h>
#include <sasl/sasl.h>

DBG 78377: libzstd: Check for static library (libs -lzstd, arfile variable STATIC_LIB_libzstd=, static filenames libzstd.a)
DBG 78377: Compile check libzstd (WITH_ZSTD) (sub=0): gcc  -g -O2 -fPIC -Wall -Wsign-compare -Wfloat-equal -Wpointer-arith -Wcast-align -Wall -Werror _mkltmpNotVG0.c -o _mkltmpNotVG0.c.o  -L/home/saad/Desktop/Time_Pass/backend_assessment/backend/social2/node_modules/node-rdkafka/build/deps -lzstd -lssl -lcrypto -lcrypto -ldl -lpthread -lrt -lpthread -lrt
DBG 78377: compile check for libzstd (WITH_ZSTD) failed: gcc  -g -O2 -fPIC -Wall -Wsign-compare -Wfloat-equal -Wpointer-arith -Wcast-align -Wall -Werror _mkltmpNotVG0.c -o _mkltmpNotVG0.c.o  -L/home/saad/Desktop/Time_Pass/backend_assessment/backend/social2/node_modules/node-rdkafka/build/deps -lzstd -lssl -lcrypto -lcrypto -ldl -lpthread -lrt -lpthread -lrt: _mkltmpNotVG0.c:2:10: fatal error: zstd.h: No such file or directory
    2 | #include <zstd.h>
      |          ^~~~~~~~
compilation terminated.
DBG 78377: Setting libzstd (libzstd) status to failed (action disable)
DBG 78377: Check libzstd (WITH_ZSTD, action disable (originally disable)) failed: compile check failed:
CC: CC
flags: -lzstd
gcc  -g -O2 -fPIC -Wall -Wsign-compare -Wfloat-equal -Wpointer-arith -Wcast-align -Wall -Werror _mkltmpNotVG0.c -o _mkltmpNotVG0.c.o  -L/home/saad/Desktop/Time_Pass/backend_assessment/backend/social2/node_modules/node-rdkafka/build/deps -lzstd -lssl -lcrypto -lcrypto -ldl -lpthread -lrt -lpthread -lrt:
_mkltmpNotVG0.c:2:10: fatal error: zstd.h: No such file or directory
    2 | #include <zstd.h>
      |          ^~~~~~~~
compilation terminated.
source: 
#include <zstd.h>
#include <zstd_errors.h>

void foo (void) {
     ZSTD_getFrameContentSize(NULL, 0);
}

DBG 78377: libcurl: Check for static library (libs -lcurl, arfile variable STATIC_LIB_libcurl=, static filenames libcurl.a)
DBG 78377: Compile check libcurl (WITH_CURL) (sub=0): gcc  -g -O2 -fPIC -Wall -Wsign-compare -Wfloat-equal -Wpointer-arith -Wcast-align -Wall -Werror _mkltmp7CGF3J.c -o _mkltmp7CGF3J.c.o  -L/home/saad/Desktop/Time_Pass/backend_assessment/backend/social2/node_modules/node-rdkafka/build/deps -lcurl -lssl -lcrypto -lcrypto -ldl -lpthread -lrt -lpthread -lrt
DBG 78377: compile check for libcurl (WITH_CURL) failed: gcc  -g -O2 -fPIC -Wall -Wsign-compare -Wfloat-equal -Wpointer-arith -Wcast-align -Wall -Werror _mkltmp7CGF3J.c -o _mkltmp7CGF3J.c.o  -L/home/saad/Desktop/Time_Pass/backend_assessment/backend/social2/node_modules/node-rdkafka/build/deps -lcurl -lssl -lcrypto -lcrypto -ldl -lpthread -lrt -lpthread -lrt: _mkltmp7CGF3J.c:2:10: fatal error: curl/curl.h: No such file or directory
    2 | #include <curl/curl.h>
      |          ^~~~~~~~~~~~~
compilation terminated.
DBG 78377: Setting libcurl (libcurl) status to failed (action disable)
DBG 78377: Check libcurl (WITH_CURL, action disable (originally disable)) failed: compile check failed:
CC: CC
flags: -lcurl
gcc  -g -O2 -fPIC -Wall -Wsign-compare -Wfloat-equal -Wpointer-arith -Wcast-align -Wall -Werror _mkltmp7CGF3J.c -o _mkltmp7CGF3J.c.o  -L/home/saad/Desktop/Time_Pass/backend_assessment/backend/social2/node_modules/node-rdkafka/build/deps -lcurl -lssl -lcrypto -lcrypto -ldl -lpthread -lrt -lpthread -lrt:
_mkltmp7CGF3J.c:2:10: fatal error: curl/curl.h: No such file or directory
    2 | #include <curl/curl.h>
      |          ^~~~~~~~~~~~~
compilation terminated.
source: 
#include <curl/curl.h>

void foo (void) {
     curl_global_init(CURL_GLOBAL_DEFAULT);
}

DBG 78377: libm: Check for static library (libs -lm, arfile variable STATIC_LIB_libm=, static filenames )
DBG 78377: Compile check libm () (sub=0): gcc  -g -O2 -fPIC -Wall -Wsign-compare -Wfloat-equal -Wpointer-arith -Wcast-align -Wall -Werror _mkltmpzD5As4.c -o _mkltmpzD5As4.c.o  -L/home/saad/Desktop/Time_Pass/backend_assessment/backend/social2/node_modules/node-rdkafka/build/deps -lm -lssl -lcrypto -lcrypto -ldl -lpthread -lrt -lpthread -lrt
DBG 78377: Setting libm (libm) status to ok (action disable)
DBG 78377: libm: from lib_check: LIBS: prepend -lm
DBG 78377: liblz4: Check for static library (libs -llz4, arfile variable STATIC_LIB_liblz4=, static filenames liblz4.a)
DBG 78377: Compile check liblz4 (WITH_LZ4_EXT) (sub=0): gcc  -g -O2 -fPIC -Wall -Wsign-compare -Wfloat-equal -Wpointer-arith -Wcast-align -Wall -Werror _mkltmp0fyQ93.c -o _mkltmp0fyQ93.c.o  -L/home/saad/Desktop/Time_Pass/backend_assessment/backend/social2/node_modules/node-rdkafka/build/deps -llz4 -lm -lssl -lcrypto -lcrypto -ldl -lpthread -lrt -lpthread -lrt
DBG 78377: compile check for liblz4 (WITH_LZ4_EXT) failed: gcc  -g -O2 -fPIC -Wall -Wsign-compare -Wfloat-equal -Wpointer-arith -Wcast-align -Wall -Werror _mkltmp0fyQ93.c -o _mkltmp0fyQ93.c.o  -L/home/saad/Desktop/Time_Pass/backend_assessment/backend/social2/node_modules/node-rdkafka/build/deps -llz4 -lm -lssl -lcrypto -lcrypto -ldl -lpthread -lrt -lpthread -lrt: _mkltmp0fyQ93.c:1:10: fatal error: lz4frame.h: No such file or directory
    1 | #include <lz4frame.h>
      |          ^~~~~~~~~~~~
compilation terminated.
DBG 78377: Setting liblz4 (liblz4) status to failed (action disable)
DBG 78377: Check liblz4 (WITH_LZ4_EXT, action disable (originally disable)) failed: compile check failed:
CC: CC
flags: -llz4
gcc  -g -O2 -fPIC -Wall -Wsign-compare -Wfloat-equal -Wpointer-arith -Wcast-align -Wall -Werror _mkltmp0fyQ93.c -o _mkltmp0fyQ93.c.o  -L/home/saad/Desktop/Time_Pass/backend_assessment/backend/social2/node_modules/node-rdkafka/build/deps -llz4 -lm -lssl -lcrypto -lcrypto -ldl -lpthread -lrt -lpthread -lrt:
_mkltmp0fyQ93.c:1:10: fatal error: lz4frame.h: No such file or directory
    1 | #include <lz4frame.h>
      |          ^~~~~~~~~~~~
compilation terminated.
source: #include <lz4frame.h>
DBG 78377: Compile check syslog (WITH_SYSLOG) (sub=0): gcc  -g -O2 -fPIC -Wall -Wsign-compare -Wfloat-equal -Wpointer-arith -Wcast-align -Wall -Werror _mkltmp03FScQ.c -o _mkltmp03FScQ.c.o  -L/home/saad/Desktop/Time_Pass/backend_assessment/backend/social2/node_modules/node-rdkafka/build/deps  -lm -lssl -lcrypto -lcrypto -ldl -lpthread -lrt -lpthread -lrt
DBG 78377: Setting syslog (syslog) status to ok (action disable)
DBG 78377: Compile check rapidjson (WITH_RAPIDJSON) (sub=0): g++  -g -O2 -fPIC -Wall -Wsign-compare -Wfloat-equal -Wpointer-arith -Wcast-align -Wall -Werror _mkltmpNiTA0a.cpp -o _mkltmpNiTA0a.cpp.o  -L/home/saad/Desktop/Time_Pass/backend_assessment/backend/social2/node_modules/node-rdkafka/build/deps  -lm -lssl -lcrypto -lcrypto -ldl -lpthread -lrt -lpthread -lrt
DBG 78377: compile check for rapidjson (WITH_RAPIDJSON) failed: g++  -g -O2 -fPIC -Wall -Wsign-compare -Wfloat-equal -Wpointer-arith -Wcast-align -Wall -Werror _mkltmpNiTA0a.cpp -o _mkltmpNiTA0a.cpp.o  -L/home/saad/Desktop/Time_Pass/backend_assessment/backend/social2/node_modules/node-rdkafka/build/deps  -lm -lssl -lcrypto -lcrypto -ldl -lpthread -lrt -lpthread -lrt: _mkltmpNiTA0a.cpp:1:10: fatal error: rapidjson/schema.h: No such file or directory
    1 | #include <rapidjson/schema.h>
      |          ^~~~~~~~~~~~~~~~~~~~
compilation terminated.
DBG 78377: Setting rapidjson (rapidjson) status to failed (action disable)
DBG 78377: Check rapidjson (WITH_RAPIDJSON, action disable (originally disable)) failed: compile check failed:
CC: CXX
flags: 
g++  -g -O2 -fPIC -Wall -Wsign-compare -Wfloat-equal -Wpointer-arith -Wcast-align -Wall -Werror _mkltmpNiTA0a.cpp -o _mkltmpNiTA0a.cpp.o  -L/home/saad/Desktop/Time_Pass/backend_assessment/backend/social2/node_modules/node-rdkafka/build/deps  -lm -lssl -lcrypto -lcrypto -ldl -lpthread -lrt -lpthread -lrt:
_mkltmpNiTA0a.cpp:1:10: fatal error: rapidjson/schema.h: No such file or directory
    1 | #include <rapidjson/schema.h>
      |          ^~~~~~~~~~~~~~~~~~~~
compilation terminated.
source: #include <rapidjson/schema.h>
DBG 78377: Compile check crc32chw (WITH_CRC32C_HW) (sub=0): gcc  -g -O2 -fPIC -Wall -Wsign-compare -Wfloat-equal -Wpointer-arith -Wcast-align -Wall -Werror _mkltmpRfEk0t.c -o _mkltmpRfEk0t.c.o  -L/home/saad/Desktop/Time_Pass/backend_assessment/backend/social2/node_modules/node-rdkafka/build/deps  -lm -lssl -lcrypto -lcrypto -ldl -lpthread -lrt -lpthread -lrt
DBG 78377: Setting crc32chw (crc32chw) status to ok (action disable)
DBG 78377: Compile check regex (HAVE_REGEX) (sub=0): gcc  -g -O2 -fPIC -Wall -Wsign-compare -Wfloat-equal -Wpointer-arith -Wcast-align -Wall -Werror _mkltmpuvrkcI.c -o _mkltmpuvrkcI.c.o  -L/home/saad/Desktop/Time_Pass/backend_assessment/backend/social2/node_modules/node-rdkafka/build/deps  -lm -lssl -lcrypto -lcrypto -ldl -lpthread -lrt -lpthread -lrt
DBG 78377: Setting regex (regex) status to ok (action disable)
DBG 78377: Compile check rand_r (HAVE_RAND_R) (sub=0): gcc  -g -O2 -fPIC -Wall -Wsign-compare -Wfloat-equal -Wpointer-arith -Wcast-align -Wall -Werror _mkltmpVjzNbm.c -o _mkltmpVjzNbm.c.o  -L/home/saad/Desktop/Time_Pass/backend_assessment/backend/social2/node_modules/node-rdkafka/build/deps  -lm -lssl -lcrypto -lcrypto -ldl -lpthread -lrt -lpthread -lrt
DBG 78377: Setting rand_r (rand_r) status to ok (action disable)
DBG 78377: Compile check strndup (HAVE_STRNDUP) (sub=0): gcc  -g -O2 -fPIC -Wall -Wsign-compare -Wfloat-equal -Wpointer-arith -Wcast-align -Wall -Werror _mkltmp4BtV49.c -o _mkltmp4BtV49.c.o  -L/home/saad/Desktop/Time_Pass/backend_assessment/backend/social2/node_modules/node-rdkafka/build/deps  -lm -lssl -lcrypto -lcrypto -ldl -lpthread -lrt -lpthread -lrt
DBG 78377: Setting strndup (strndup) status to ok (action disable)
DBG 78377: Compile check strlcpy (HAVE_STRLCPY) (sub=0): gcc  -g -O2 -fPIC -Wall -Wsign-compare -Wfloat-equal -Wpointer-arith -Wcast-align -Wall -Werror _mkltmpzgrmic.c -o _mkltmpzgrmic.c.o  -L/home/saad/Desktop/Time_Pass/backend_assessment/backend/social2/node_modules/node-rdkafka/build/deps  -lm -lssl -lcrypto -lcrypto -ldl -lpthread -lrt -lpthread -lrt
DBG 78377: compile check for strlcpy (HAVE_STRLCPY) failed: gcc  -g -O2 -fPIC -Wall -Wsign-compare -Wfloat-equal -Wpointer-arith -Wcast-align -Wall -Werror _mkltmpzgrmic.c -o _mkltmpzgrmic.c.o  -L/home/saad/Desktop/Time_Pass/backend_assessment/backend/social2/node_modules/node-rdkafka/build/deps  -lm -lssl -lcrypto -lcrypto -ldl -lpthread -lrt -lpthread -lrt: _mkltmpzgrmic.c: In function ‘foo’:
_mkltmpzgrmic.c:6:11: error: implicit declaration of function ‘strlcpy’; did you mean ‘strncpy’? [-Werror=implicit-function-declaration]
    6 |    return strlcpy(dest, "something", sizeof(dest));
      |           ^~~~~~~
      |           strncpy
cc1: all warnings being treated as errors
DBG 78377: Setting strlcpy (strlcpy) status to failed (action disable)
DBG 78377: Check strlcpy (HAVE_STRLCPY, action disable (originally disable)) failed: compile check failed:
CC: CC
flags: 
gcc  -g -O2 -fPIC -Wall -Wsign-compare -Wfloat-equal -Wpointer-arith -Wcast-align -Wall -Werror _mkltmpzgrmic.c -o _mkltmpzgrmic.c.o  -L/home/saad/Desktop/Time_Pass/backend_assessment/backend/social2/node_modules/node-rdkafka/build/deps  -lm -lssl -lcrypto -lcrypto -ldl -lpthread -lrt -lpthread -lrt:
_mkltmpzgrmic.c: In function ‘foo’:
_mkltmpzgrmic.c:6:11: error: implicit declaration of function ‘strlcpy’; did you mean ‘strncpy’? [-Werror=implicit-function-declaration]
    6 |    return strlcpy(dest, "something", sizeof(dest));
      |           ^~~~~~~
      |           strncpy
cc1: all warnings being treated as errors
source: 
#define _DARWIN_C_SOURCE
#include <string.h>
int foo (void) {
    char dest[4];
   return strlcpy(dest, "something", sizeof(dest));
}
DBG 78377: Compile check strerror_r (HAVE_STRERROR_R) (sub=0): gcc  -g -O2 -fPIC -Wall -Wsign-compare -Wfloat-equal -Wpointer-arith -Wcast-align -Wall -Werror _mkltmpJMTxyl.c -o _mkltmpJMTxyl.c.o  -L/home/saad/Desktop/Time_Pass/backend_assessment/backend/social2/node_modules/node-rdkafka/build/deps  -lm -lssl -lcrypto -lcrypto -ldl -lpthread -lrt -lpthread -lrt
DBG 78377: Setting strerror_r (strerror_r) status to ok (action disable)
DBG 78377: Compile check strcasestr (HAVE_STRCASESTR) (sub=0): gcc  -g -O2 -fPIC -Wall -Wsign-compare -Wfloat-equal -Wpointer-arith -Wcast-align -Wall -Werror _mkltmpuH3i1L.c -o _mkltmpuH3i1L.c.o  -L/home/saad/Desktop/Time_Pass/backend_assessment/backend/social2/node_modules/node-rdkafka/build/deps  -lm -lssl -lcrypto -lcrypto -ldl -lpthread -lrt -lpthread -lrt
DBG 78377: Setting strcasestr (strcasestr) status to ok (action disable)
DBG 78377: Compile check pthread_setname_gnu (HAVE_PTHREAD_SETNAME_GNU) (sub=0): gcc  -g -O2 -fPIC -Wall -Wsign-compare -Wfloat-equal -Wpointer-arith -Wcast-align -Wall -Werror _mkltmpTfDWvK.c -o _mkltmpTfDWvK.c.o  -L/home/saad/Desktop/Time_Pass/backend_assessment/backend/social2/node_modules/node-rdkafka/build/deps -D_GNU_SOURCE -lpthread -lm -lssl -lcrypto -lcrypto -ldl -lpthread -lrt -lpthread -lrt
DBG 78377: Setting pthread_setname_gnu (pthread_setname_gnu) status to ok (action disable)
DBG 78377: Setting nm (nm) status to ok (action cont)
DBG 78377: Setting python3 (python3) status to ok (action disable)
DBG 78377: Compile check getrusage (HAVE_GETRUSAGE) (sub=0): gcc  -g -O2 -fPIC -Wall -Wsign-compare -Wfloat-equal -Wpointer-arith -Wcast-align -Wall -Werror _mkltmp8UsYgN.c -o _mkltmp8UsYgN.c.o  -L/home/saad/Desktop/Time_Pass/backend_assessment/backend/social2/node_modules/node-rdkafka/build/deps  -lm -lssl -lcrypto -lcrypto -ldl -lpthread -lrt -lpthread -lrt
DBG 78377: Setting getrusage (getrusage) status to ok (action disable)
